TN:
SF:src/utils/confidence.ts
FN:18,calculateConfluenceBonus
FN:54,calculateConfluencePenalty
FN:76,calculateAdjustedScore
FN:87,getConfidenceLevel
FN:96,getRecommendedAction
FNF:5
FNH:5
FNDA:8,calculateConfluenceBonus
FNDA:7,calculateConfluencePenalty
FNDA:3,calculateAdjustedScore
FNDA:5,getConfidenceLevel
FNDA:6,getRecommendedAction
DA:18,1
DA:19,8
DA:22,8
DA:23,5
DA:26,8
DA:29,8
DA:32,8
DA:35,8
DA:36,6
DA:39,8
DA:40,5
DA:43,8
DA:44,5
DA:47,8
DA:48,5
DA:50,8
DA:54,1
DA:55,7
DA:58,7
DA:61,7
DA:62,5
DA:65,7
DA:66,5
DA:69,7
DA:70,5
DA:72,7
DA:76,1
DA:77,3
DA:78,3
DA:80,3
DA:83,3
DA:87,1
DA:88,5
DA:89,4
DA:90,3
DA:91,2
DA:92,1
DA:96,1
DA:97,6
DA:98,1
DA:100,5
DA:101,2
DA:102,1
DA:104,1
DA:106,3
DA:107,1
DA:109,2
DA:110,1
DA:112,1
LF:49
LH:49
BRDA:22,0,0,3
BRDA:22,0,1,5
BRDA:23,1,0,1
BRDA:26,2,0,4
BRDA:29,3,0,3
BRDA:29,4,0,8
BRDA:29,4,1,4
BRDA:32,5,0,1
BRDA:32,6,0,8
BRDA:32,6,1,1
BRDA:35,7,0,2
BRDA:35,7,1,6
BRDA:36,8,0,0
BRDA:39,9,0,3
BRDA:39,9,1,5
BRDA:40,10,0,0
BRDA:43,11,0,3
BRDA:43,11,1,5
BRDA:44,12,0,0
BRDA:47,13,0,3
BRDA:47,13,1,5
BRDA:48,14,0,0
BRDA:58,15,0,2
BRDA:61,16,0,2
BRDA:61,16,1,5
BRDA:62,17,0,0
BRDA:65,18,0,2
BRDA:65,18,1,5
BRDA:66,19,0,0
BRDA:69,20,0,2
BRDA:69,20,1,5
BRDA:70,21,0,0
BRDA:88,22,0,1
BRDA:89,23,0,1
BRDA:90,24,0,1
BRDA:91,25,0,1
BRDA:97,26,0,1
BRDA:100,27,0,2
BRDA:101,28,0,1
BRDA:101,29,0,2
BRDA:101,29,1,2
BRDA:106,30,0,1
BRDA:109,31,0,1
BRF:43
BRH:36
end_of_record
TN:
SF:src/utils/dedup.ts
FN:15,isDuplicate
FN:54,cleanupSeenSignals
FN:64,getSignalFrequency
FN:70,resetDedup
FNF:4
FNH:4
FNDA:19,isDuplicate
FNDA:2,cleanupSeenSignals
FNDA:2,getSignalFrequency
FNDA:10,resetDedup
DA:11,1
DA:12,1
DA:15,1
DA:16,19
DA:17,19
DA:19,19
DA:21,12
DA:27,12
DA:31,7
DA:32,7
DA:33,7
DA:36,7
DA:37,0
DA:40,7
DA:44,0
DA:50,0
DA:54,1
DA:55,2
DA:56,2
DA:57,1
DA:58,0
DA:64,1
DA:65,2
DA:66,2
DA:70,1
DA:71,10
LF:26
LH:22
BRDA:19,0,0,12
BRDA:31,1,0,7
BRDA:36,2,0,0
BRDA:57,3,0,0
BRDA:66,4,0,2
BRDA:66,4,1,1
BRF:6
BRH:4
end_of_record
